# JRE version: Java(TM) SE Runtime Environment (11.0.1+13) (build 11.0.1+13-LTS)
# Java VM: Java HotSpot(TM) 64-Bit Server VM (11.0.1+13-LTS, mixed mode, tiered, compressed oops, g1 gc, windows-amd64)
Heap:
 garbage-first heap   total 300032K, used 77312K [0x00000000c0000000, 0x0000000100000000)
  region size 1024K, 12 young (12288K), 5 survivors (5120K)
 Metaspace       used 69099K, capacity 71912K, committed 72016K, reserved 1114112K
  class space    used 6618K, capacity 7601K, committed 7680K, reserved 1048576K
GC Heap History (10 events):
Event: 416.706 GC heap before
{Heap before GC invocations=382 (full 0):
 garbage-first heap   total 300032K, used 68306K [0x00000000c0000000, 0x0000000100000000)
  region size 1024K, 3 young (3072K), 2 survivors (2048K)
 Metaspace       used 57261K, capacity 59725K, committed 59984K, reserved 1103872K
  class space    used 5623K, capacity 6535K, committed 6656K, reserved 1048576K
}
Event: 416.711 GC heap after
{Heap after GC invocations=383 (full 0):
 garbage-first heap   total 300032K, used 53941K [0x00000000c0000000, 0x0000000100000000)
  region size 1024K, 2 young (2048K), 2 survivors (2048K)
 Metaspace       used 57261K, capacity 59725K, committed 59984K, reserved 1103872K
  class space    used 5623K, capacity 6535K, committed 6656K, reserved 1048576K
}
Event: 422.198 GC heap before
{Heap before GC invocations=384 (full 0):
 garbage-first heap   total 300032K, used 81589K [0x00000000c0000000, 0x0000000100000000)
  region size 1024K, 6 young (6144K), 2 survivors (2048K)
 Metaspace       used 57261K, capacity 59725K, committed 59984K, reserved 1103872K
  class space    used 5623K, capacity 6535K, committed 6656K, reserved 1048576K
}
Event: 422.204 GC heap after
{Heap after GC invocations=385 (full 0):
 garbage-first heap   total 300032K, used 54058K [0x00000000c0000000, 0x0000000100000000)
  region size 1024K, 2 young (2048K), 2 survivors (2048K)
 Metaspace       used 57261K, capacity 59725K, committed 59984K, reserved 1103872K
  class space    used 5623K, capacity 6535K, committed 6656K, reserved 1048576K
}
Event: 464.125 GC heap before
{Heap before GC invocations=386 (full 0):
 garbage-first heap   total 300032K, used 160554K [0x00000000c0000000, 0x0000000100000000)
  region size 1024K, 95 young (97280K), 2 survivors (2048K)
 Metaspace       used 64994K, capacity 67639K, committed 67920K, reserved 1110016K
  class space    used 6387K, capacity 7390K, committed 7424K, reserved 1048576K
}
Event: 464.140 GC heap after
{Heap after GC invocations=387 (full 0):
 garbage-first heap   total 300032K, used 63750K [0x00000000c0000000, 0x0000000100000000)
  region size 1024K, 12 young (12288K), 12 survivors (12288K)
 Metaspace       used 64994K, capacity 67639K, committed 67920K, reserved 1110016K
  class space    used 6387K, capacity 7390K, committed 7424K, reserved 1048576K
}
Event: 1501.710 GC heap before
{Heap before GC invocations=387 (full 0):
 garbage-first heap   total 300032K, used 164102K [0x00000000c0000000, 0x0000000100000000)
  region size 1024K, 111 young (113664K), 12 survivors (12288K)
 Metaspace       used 67455K, capacity 70095K, committed 70352K, reserved 1112064K
  class space    used 6533K, capacity 7514K, committed 7552K, reserved 1048576K
}
Event: 1501.729 GC heap after
{Heap after GC invocations=388 (full 0):
 garbage-first heap   total 300032K, used 64513K [0x00000000c0000000, 0x0000000100000000)
  region size 1024K, 4 young (4096K), 4 survivors (4096K)
 Metaspace       used 67455K, capacity 70095K, committed 70352K, reserved 1112064K
  class space    used 6533K, capacity 7514K, committed 7552K, reserved 1048576K
}
Event: 1569.345 GC heap before
{Heap before GC invocations=388 (full 0):
 garbage-first heap   total 300032K, used 145409K [0x00000000c0000000, 0x0000000100000000)
  region size 1024K, 85 young (87040K), 4 survivors (4096K)
 Metaspace       used 69083K, capacity 71848K, committed 72016K, reserved 1114112K
  class space    used 6616K, capacity 7601K, committed 7680K, reserved 1048576K
}
Event: 1569.355 GC heap after
{Heap after GC invocations=389 (full 0):
 garbage-first heap   total 300032K, used 65024K [0x00000000c0000000, 0x0000000100000000)
  region size 1024K, 5 young (5120K), 5 survivors (5120K)
 Metaspace       used 69083K, capacity 71848K, committed 72016K, reserved 1114112K
  class space    used 6616K, capacity 7601K, committed 7680K, reserved 1048576K
}

